[2025-12-06 04:48:41] production.ERROR: require(/home/runner/work/WatchTheFlix/WatchTheFlix/bootstrap/../routes/api.php): Failed to open stream: No such file or directory {"exception":"[object] (ErrorException(code: 0): require(/home/runner/work/WatchTheFlix/WatchTheFlix/bootstrap/../routes/api.php): Failed to open stream: No such file or directory at /home/runner/work/WatchTheFlix/WatchTheFlix/vendor/laravel/framework/src/Illuminate/Routing/RouteFileRegistrar.php:34)
[stacktrace]
#0 /home/runner/work/WatchTheFlix/WatchTheFlix/vendor/laravel/framework/src/Illuminate/Foundation/Bootstrap/HandleExceptions.php(258): Illuminate\\Foundation\\Bootstrap\\HandleExceptions->handleError()
#1 /home/runner/work/WatchTheFlix/WatchTheFlix/vendor/laravel/framework/src/Illuminate/Routing/RouteFileRegistrar.php(34): Illuminate\\Foundation\\Bootstrap\\HandleExceptions->Illuminate\\Foundation\\Bootstrap\\{closure}()
#2 /home/runner/work/WatchTheFlix/WatchTheFlix/vendor/laravel/framework/src/Illuminate/Routing/RouteFileRegistrar.php(34): require('...')
#3 /home/runner/work/WatchTheFlix/WatchTheFlix/vendor/laravel/framework/src/Illuminate/Routing/Router.php(526): Illuminate\\Routing\\RouteFileRegistrar->register()
#4 /home/runner/work/WatchTheFlix/WatchTheFlix/vendor/laravel/framework/src/Illuminate/Routing/Router.php(480): Illuminate\\Routing\\Router->loadRoutes()
#5 /home/runner/work/WatchTheFlix/WatchTheFlix/vendor/laravel/framework/src/Illuminate/Routing/RouteRegistrar.php(212): Illuminate\\Routing\\Router->group()
#6 /home/runner/work/WatchTheFlix/WatchTheFlix/vendor/laravel/framework/src/Illuminate/Foundation/Configuration/ApplicationBuilder.php(214): Illuminate\\Routing\\RouteRegistrar->group()
#7 /home/runner/work/WatchTheFlix/WatchTheFlix/vendor/laravel/framework/src/Illuminate/Container/BoundMethod.php(36): Illuminate\\Foundation\\Configuration\\ApplicationBuilder->Illuminate\\Foundation\\Configuration\\{closure}()
#8 /home/runner/work/WatchTheFlix/WatchTheFlix/vendor/laravel/framework/src/Illuminate/Container/Util.php(43): Illuminate\\Container\\BoundMethod::Illuminate\\Container\\{closure}()
#9 /home/runner/work/WatchTheFlix/WatchTheFlix/vendor/laravel/framework/src/Illuminate/Container/BoundMethod.php(84): Illuminate\\Container\\Util::unwrapIfClosure()
#10 /home/runner/work/WatchTheFlix/WatchTheFlix/vendor/laravel/framework/src/Illuminate/Container/BoundMethod.php(35): Illuminate\\Container\\BoundMethod::callBoundMethod()
#11 /home/runner/work/WatchTheFlix/WatchTheFlix/vendor/laravel/framework/src/Illuminate/Container/Container.php(807): Illuminate\\Container\\BoundMethod::call()
#12 /home/runner/work/WatchTheFlix/WatchTheFlix/vendor/laravel/framework/src/Illuminate/Foundation/Support/Providers/RouteServiceProvider.php(162): Illuminate\\Container\\Container->call()
#13 /home/runner/work/WatchTheFlix/WatchTheFlix/vendor/laravel/framework/src/Illuminate/Foundation/Support/Providers/RouteServiceProvider.php(59): Illuminate\\Foundation\\Support\\Providers\\RouteServiceProvider->loadRoutes()
#14 /home/runner/work/WatchTheFlix/WatchTheFlix/vendor/laravel/framework/src/Illuminate/Container/BoundMethod.php(36): Illuminate\\Foundation\\Support\\Providers\\RouteServiceProvider->Illuminate\\Foundation\\Support\\Providers\\{closure}()
#15 /home/runner/work/WatchTheFlix/WatchTheFlix/vendor/laravel/framework/src/Illuminate/Container/Util.php(43): Illuminate\\Container\\BoundMethod::Illuminate\\Container\\{closure}()
#16 /home/runner/work/WatchTheFlix/WatchTheFlix/vendor/laravel/framework/src/Illuminate/Container/BoundMethod.php(84): Illuminate\\Container\\Util::unwrapIfClosure()
#17 /home/runner/work/WatchTheFlix/WatchTheFlix/vendor/laravel/framework/src/Illuminate/Container/BoundMethod.php(35): Illuminate\\Container\\BoundMethod::callBoundMethod()
#18 /home/runner/work/WatchTheFlix/WatchTheFlix/vendor/laravel/framework/src/Illuminate/Container/Container.php(807): Illuminate\\Container\\BoundMethod::call()
#19 /home/runner/work/WatchTheFlix/WatchTheFlix/vendor/laravel/framework/src/Illuminate/Support/ServiceProvider.php(150): Illuminate\\Container\\Container->call()
#20 /home/runner/work/WatchTheFlix/WatchTheFlix/vendor/laravel/framework/src/Illuminate/Foundation/Application.php(1154): Illuminate\\Support\\ServiceProvider->callBootedCallbacks()
#21 /home/runner/work/WatchTheFlix/WatchTheFlix/vendor/laravel/framework/src/Illuminate/Foundation/Application.php(1132): Illuminate\\Foundation\\Application->bootProvider()
#22 [internal function]: Illuminate\\Foundation\\Application->Illuminate\\Foundation\\{closure}()
#23 /home/runner/work/WatchTheFlix/WatchTheFlix/vendor/laravel/framework/src/Illuminate/Foundation/Application.php(1131): array_walk()
#24 /home/runner/work/WatchTheFlix/WatchTheFlix/vendor/laravel/framework/src/Illuminate/Foundation/Bootstrap/BootProviders.php(17): Illuminate\\Foundation\\Application->boot()
#25 /home/runner/work/WatchTheFlix/WatchTheFlix/vendor/laravel/framework/src/Illuminate/Foundation/Application.php(342): Illuminate\\Foundation\\Bootstrap\\BootProviders->bootstrap()
#26 /home/runner/work/WatchTheFlix/WatchTheFlix/vendor/laravel/framework/src/Illuminate/Foundation/Console/Kernel.php(473): Illuminate\\Foundation\\Application->bootstrapWith()
#27 /home/runner/work/WatchTheFlix/WatchTheFlix/vendor/laravel/framework/src/Illuminate/Foundation/Console/Kernel.php(195): Illuminate\\Foundation\\Console\\Kernel->bootstrap()
#28 /home/runner/work/WatchTheFlix/WatchTheFlix/artisan(35): Illuminate\\Foundation\\Console\\Kernel->handle()
#29 {main}
"} 
[2025-12-06 05:26:25] production.ERROR: SQLSTATE[23000]: Integrity constraint violation: 19 UNIQUE constraint failed: users.email (Connection: sqlite, SQL: insert into "users" ("name", "email", "password", "real_debrid_enabled", "updated_at", "created_at") values (Admin User, admin@watchtheflix.com, $2y$12$T5W9YLewNT8AhkcY5zCY4O98X3w3O8Rp9CDdc33q3M0/wtCwTsXu., 1, 2025-12-06 05:26:25, 2025-12-06 05:26:25)) {"exception":"[object] (Illuminate\\Database\\UniqueConstraintViolationException(code: 23000): SQLSTATE[23000]: Integrity constraint violation: 19 UNIQUE constraint failed: users.email (Connection: sqlite, SQL: insert into \"users\" (\"name\", \"email\", \"password\", \"real_debrid_enabled\", \"updated_at\", \"created_at\") values (Admin User, admin@watchtheflix.com, $2y$12$T5W9YLewNT8AhkcY5zCY4O98X3w3O8Rp9CDdc33q3M0/wtCwTsXu., 1, 2025-12-06 05:26:25, 2025-12-06 05:26:25)) at /home/runner/work/WatchTheFlix/WatchTheFlix/vendor/laravel/framework/src/Illuminate/Database/Connection.php:821)
[stacktrace]
#0 /home/runner/work/WatchTheFlix/WatchTheFlix/vendor/laravel/framework/src/Illuminate/Database/Connection.php(780): Illuminate\\Database\\Connection->runQueryCallback()
#1 /home/runner/work/WatchTheFlix/WatchTheFlix/vendor/laravel/framework/src/Illuminate/Database/Connection.php(559): Illuminate\\Database\\Connection->run()
#2 /home/runner/work/WatchTheFlix/WatchTheFlix/vendor/laravel/framework/src/Illuminate/Database/Connection.php(523): Illuminate\\Database\\Connection->statement()
#3 /home/runner/work/WatchTheFlix/WatchTheFlix/vendor/laravel/framework/src/Illuminate/Database/Query/Processors/Processor.php(32): Illuminate\\Database\\Connection->insert()
#4 /home/runner/work/WatchTheFlix/WatchTheFlix/vendor/laravel/framework/src/Illuminate/Database/Query/Builder.php(3853): Illuminate\\Database\\Query\\Processors\\Processor->processInsertGetId()
#5 /home/runner/work/WatchTheFlix/WatchTheFlix/vendor/laravel/framework/src/Illuminate/Database/Eloquent/Builder.php(2235): Illuminate\\Database\\Query\\Builder->insertGetId()
#6 /home/runner/work/WatchTheFlix/WatchTheFlix/vendor/laravel/framework/src/Illuminate/Database/Eloquent/Model.php(1436): Illuminate\\Database\\Eloquent\\Builder->__call()
#7 /home/runner/work/WatchTheFlix/WatchTheFlix/vendor/laravel/framework/src/Illuminate/Database/Eloquent/Model.php(1401): Illuminate\\Database\\Eloquent\\Model->insertAndSetId()
#8 /home/runner/work/WatchTheFlix/WatchTheFlix/vendor/laravel/framework/src/Illuminate/Database/Eloquent/Model.php(1240): Illuminate\\Database\\Eloquent\\Model->performInsert()
#9 /home/runner/work/WatchTheFlix/WatchTheFlix/vendor/laravel/framework/src/Illuminate/Database/Eloquent/Builder.php(1219): Illuminate\\Database\\Eloquent\\Model->save()
#10 /home/runner/work/WatchTheFlix/WatchTheFlix/vendor/laravel/framework/src/Illuminate/Support/helpers.php(485): Illuminate\\Database\\Eloquent\\Builder->Illuminate\\Database\\Eloquent\\{closure}()
#11 /home/runner/work/WatchTheFlix/WatchTheFlix/vendor/laravel/framework/src/Illuminate/Database/Eloquent/Builder.php(1218): tap()
#12 /home/runner/work/WatchTheFlix/WatchTheFlix/vendor/laravel/framework/src/Illuminate/Support/Traits/ForwardsCalls.php(23): Illuminate\\Database\\Eloquent\\Builder->create()
#13 /home/runner/work/WatchTheFlix/WatchTheFlix/vendor/laravel/framework/src/Illuminate/Database/Eloquent/Model.php(2540): Illuminate\\Database\\Eloquent\\Model->forwardCallTo()
#14 /home/runner/work/WatchTheFlix/WatchTheFlix/vendor/laravel/framework/src/Illuminate/Database/Eloquent/Model.php(2556): Illuminate\\Database\\Eloquent\\Model->__call()
#15 /home/runner/work/WatchTheFlix/WatchTheFlix/database/seeders/DatabaseSeeder.php(22): Illuminate\\Database\\Eloquent\\Model::__callStatic()
#16 /home/runner/work/WatchTheFlix/WatchTheFlix/vendor/laravel/framework/src/Illuminate/Container/BoundMethod.php(36): Database\\Seeders\\DatabaseSeeder->run()
#17 /home/runner/work/WatchTheFlix/WatchTheFlix/vendor/laravel/framework/src/Illuminate/Container/Util.php(43): Illuminate\\Container\\BoundMethod::Illuminate\\Container\\{closure}()
#18 /home/runner/work/WatchTheFlix/WatchTheFlix/vendor/laravel/framework/src/Illuminate/Container/BoundMethod.php(96): Illuminate\\Container\\Util::unwrapIfClosure()
#19 /home/runner/work/WatchTheFlix/WatchTheFlix/vendor/laravel/framework/src/Illuminate/Container/BoundMethod.php(35): Illuminate\\Container\\BoundMethod::callBoundMethod()
#20 /home/runner/work/WatchTheFlix/WatchTheFlix/vendor/laravel/framework/src/Illuminate/Container/Container.php(807): Illuminate\\Container\\BoundMethod::call()
#21 /home/runner/work/WatchTheFlix/WatchTheFlix/vendor/laravel/framework/src/Illuminate/Database/Seeder.php(184): Illuminate\\Container\\Container->call()
#22 /home/runner/work/WatchTheFlix/WatchTheFlix/vendor/laravel/framework/src/Illuminate/Database/Seeder.php(193): Illuminate\\Database\\Seeder->Illuminate\\Database\\{closure}()
#23 /home/runner/work/WatchTheFlix/WatchTheFlix/vendor/laravel/framework/src/Illuminate/Database/Console/Seeds/SeedCommand.php(71): Illuminate\\Database\\Seeder->__invoke()
#24 /home/runner/work/WatchTheFlix/WatchTheFlix/vendor/laravel/framework/src/Illuminate/Database/Eloquent/Concerns/GuardsAttributes.php(157): Illuminate\\Database\\Console\\Seeds\\SeedCommand->Illuminate\\Database\\Console\\Seeds\\{closure}()
#25 /home/runner/work/WatchTheFlix/WatchTheFlix/vendor/laravel/framework/src/Illuminate/Database/Console/Seeds/SeedCommand.php(70): Illuminate\\Database\\Eloquent\\Model::unguarded()
#26 /home/runner/work/WatchTheFlix/WatchTheFlix/vendor/laravel/framework/src/Illuminate/Container/BoundMethod.php(36): Illuminate\\Database\\Console\\Seeds\\SeedCommand->handle()
#27 /home/runner/work/WatchTheFlix/WatchTheFlix/vendor/laravel/framework/src/Illuminate/Container/Util.php(43): Illuminate\\Container\\BoundMethod::Illuminate\\Container\\{closure}()
#28 /home/runner/work/WatchTheFlix/WatchTheFlix/vendor/laravel/framework/src/Illuminate/Container/BoundMethod.php(96): Illuminate\\Container\\Util::unwrapIfClosure()
#29 /home/runner/work/WatchTheFlix/WatchTheFlix/vendor/laravel/framework/src/Illuminate/Container/BoundMethod.php(35): Illuminate\\Container\\BoundMethod::callBoundMethod()
#30 /home/runner/work/WatchTheFlix/WatchTheFlix/vendor/laravel/framework/src/Illuminate/Container/Container.php(807): Illuminate\\Container\\BoundMethod::call()
#31 /home/runner/work/WatchTheFlix/WatchTheFlix/vendor/laravel/framework/src/Illuminate/Console/Command.php(211): Illuminate\\Container\\Container->call()
#32 /home/runner/work/WatchTheFlix/WatchTheFlix/vendor/symfony/console/Command/Command.php(335): Illuminate\\Console\\Command->execute()
#33 /home/runner/work/WatchTheFlix/WatchTheFlix/vendor/laravel/framework/src/Illuminate/Console/Command.php(180): Symfony\\Component\\Console\\Command\\Command->run()
#34 /home/runner/work/WatchTheFlix/WatchTheFlix/vendor/symfony/console/Application.php(1103): Illuminate\\Console\\Command->run()
#35 /home/runner/work/WatchTheFlix/WatchTheFlix/vendor/symfony/console/Application.php(356): Symfony\\Component\\Console\\Application->doRunCommand()
#36 /home/runner/work/WatchTheFlix/WatchTheFlix/vendor/symfony/console/Application.php(195): Symfony\\Component\\Console\\Application->doRun()
#37 /home/runner/work/WatchTheFlix/WatchTheFlix/vendor/laravel/framework/src/Illuminate/Foundation/Console/Kernel.php(197): Symfony\\Component\\Console\\Application->run()
#38 /home/runner/work/WatchTheFlix/WatchTheFlix/artisan(35): Illuminate\\Foundation\\Console\\Kernel->handle()
#39 {main}

[previous exception] [object] (PDOException(code: 23000): SQLSTATE[23000]: Integrity constraint violation: 19 UNIQUE constraint failed: users.email at /home/runner/work/WatchTheFlix/WatchTheFlix/vendor/laravel/framework/src/Illuminate/Database/Connection.php:570)
[stacktrace]
#0 /home/runner/work/WatchTheFlix/WatchTheFlix/vendor/laravel/framework/src/Illuminate/Database/Connection.php(570): PDOStatement->execute()
#1 /home/runner/work/WatchTheFlix/WatchTheFlix/vendor/laravel/framework/src/Illuminate/Database/Connection.php(813): Illuminate\\Database\\Connection->Illuminate\\Database\\{closure}()
#2 /home/runner/work/WatchTheFlix/WatchTheFlix/vendor/laravel/framework/src/Illuminate/Database/Connection.php(780): Illuminate\\Database\\Connection->runQueryCallback()
#3 /home/runner/work/WatchTheFlix/WatchTheFlix/vendor/laravel/framework/src/Illuminate/Database/Connection.php(559): Illuminate\\Database\\Connection->run()
#4 /home/runner/work/WatchTheFlix/WatchTheFlix/vendor/laravel/framework/src/Illuminate/Database/Connection.php(523): Illuminate\\Database\\Connection->statement()
#5 /home/runner/work/WatchTheFlix/WatchTheFlix/vendor/laravel/framework/src/Illuminate/Database/Query/Processors/Processor.php(32): Illuminate\\Database\\Connection->insert()
#6 /home/runner/work/WatchTheFlix/WatchTheFlix/vendor/laravel/framework/src/Illuminate/Database/Query/Builder.php(3853): Illuminate\\Database\\Query\\Processors\\Processor->processInsertGetId()
#7 /home/runner/work/WatchTheFlix/WatchTheFlix/vendor/laravel/framework/src/Illuminate/Database/Eloquent/Builder.php(2235): Illuminate\\Database\\Query\\Builder->insertGetId()
#8 /home/runner/work/WatchTheFlix/WatchTheFlix/vendor/laravel/framework/src/Illuminate/Database/Eloquent/Model.php(1436): Illuminate\\Database\\Eloquent\\Builder->__call()
#9 /home/runner/work/WatchTheFlix/WatchTheFlix/vendor/laravel/framework/src/Illuminate/Database/Eloquent/Model.php(1401): Illuminate\\Database\\Eloquent\\Model->insertAndSetId()
#10 /home/runner/work/WatchTheFlix/WatchTheFlix/vendor/laravel/framework/src/Illuminate/Database/Eloquent/Model.php(1240): Illuminate\\Database\\Eloquent\\Model->performInsert()
#11 /home/runner/work/WatchTheFlix/WatchTheFlix/vendor/laravel/framework/src/Illuminate/Database/Eloquent/Builder.php(1219): Illuminate\\Database\\Eloquent\\Model->save()
#12 /home/runner/work/WatchTheFlix/WatchTheFlix/vendor/laravel/framework/src/Illuminate/Support/helpers.php(485): Illuminate\\Database\\Eloquent\\Builder->Illuminate\\Database\\Eloquent\\{closure}()
#13 /home/runner/work/WatchTheFlix/WatchTheFlix/vendor/laravel/framework/src/Illuminate/Database/Eloquent/Builder.php(1218): tap()
#14 /home/runner/work/WatchTheFlix/WatchTheFlix/vendor/laravel/framework/src/Illuminate/Support/Traits/ForwardsCalls.php(23): Illuminate\\Database\\Eloquent\\Builder->create()
#15 /home/runner/work/WatchTheFlix/WatchTheFlix/vendor/laravel/framework/src/Illuminate/Database/Eloquent/Model.php(2540): Illuminate\\Database\\Eloquent\\Model->forwardCallTo()
#16 /home/runner/work/WatchTheFlix/WatchTheFlix/vendor/laravel/framework/src/Illuminate/Database/Eloquent/Model.php(2556): Illuminate\\Database\\Eloquent\\Model->__call()
#17 /home/runner/work/WatchTheFlix/WatchTheFlix/database/seeders/DatabaseSeeder.php(22): Illuminate\\Database\\Eloquent\\Model::__callStatic()
#18 /home/runner/work/WatchTheFlix/WatchTheFlix/vendor/laravel/framework/src/Illuminate/Container/BoundMethod.php(36): Database\\Seeders\\DatabaseSeeder->run()
#19 /home/runner/work/WatchTheFlix/WatchTheFlix/vendor/laravel/framework/src/Illuminate/Container/Util.php(43): Illuminate\\Container\\BoundMethod::Illuminate\\Container\\{closure}()
#20 /home/runner/work/WatchTheFlix/WatchTheFlix/vendor/laravel/framework/src/Illuminate/Container/BoundMethod.php(96): Illuminate\\Container\\Util::unwrapIfClosure()
#21 /home/runner/work/WatchTheFlix/WatchTheFlix/vendor/laravel/framework/src/Illuminate/Container/BoundMethod.php(35): Illuminate\\Container\\BoundMethod::callBoundMethod()
#22 /home/runner/work/WatchTheFlix/WatchTheFlix/vendor/laravel/framework/src/Illuminate/Container/Container.php(807): Illuminate\\Container\\BoundMethod::call()
#23 /home/runner/work/WatchTheFlix/WatchTheFlix/vendor/laravel/framework/src/Illuminate/Database/Seeder.php(184): Illuminate\\Container\\Container->call()
#24 /home/runner/work/WatchTheFlix/WatchTheFlix/vendor/laravel/framework/src/Illuminate/Database/Seeder.php(193): Illuminate\\Database\\Seeder->Illuminate\\Database\\{closure}()
#25 /home/runner/work/WatchTheFlix/WatchTheFlix/vendor/laravel/framework/src/Illuminate/Database/Console/Seeds/SeedCommand.php(71): Illuminate\\Database\\Seeder->__invoke()
#26 /home/runner/work/WatchTheFlix/WatchTheFlix/vendor/laravel/framework/src/Illuminate/Database/Eloquent/Concerns/GuardsAttributes.php(157): Illuminate\\Database\\Console\\Seeds\\SeedCommand->Illuminate\\Database\\Console\\Seeds\\{closure}()
#27 /home/runner/work/WatchTheFlix/WatchTheFlix/vendor/laravel/framework/src/Illuminate/Database/Console/Seeds/SeedCommand.php(70): Illuminate\\Database\\Eloquent\\Model::unguarded()
#28 /home/runner/work/WatchTheFlix/WatchTheFlix/vendor/laravel/framework/src/Illuminate/Container/BoundMethod.php(36): Illuminate\\Database\\Console\\Seeds\\SeedCommand->handle()
#29 /home/runner/work/WatchTheFlix/WatchTheFlix/vendor/laravel/framework/src/Illuminate/Container/Util.php(43): Illuminate\\Container\\BoundMethod::Illuminate\\Container\\{closure}()
#30 /home/runner/work/WatchTheFlix/WatchTheFlix/vendor/laravel/framework/src/Illuminate/Container/BoundMethod.php(96): Illuminate\\Container\\Util::unwrapIfClosure()
#31 /home/runner/work/WatchTheFlix/WatchTheFlix/vendor/laravel/framework/src/Illuminate/Container/BoundMethod.php(35): Illuminate\\Container\\BoundMethod::callBoundMethod()
#32 /home/runner/work/WatchTheFlix/WatchTheFlix/vendor/laravel/framework/src/Illuminate/Container/Container.php(807): Illuminate\\Container\\BoundMethod::call()
#33 /home/runner/work/WatchTheFlix/WatchTheFlix/vendor/laravel/framework/src/Illuminate/Console/Command.php(211): Illuminate\\Container\\Container->call()
#34 /home/runner/work/WatchTheFlix/WatchTheFlix/vendor/symfony/console/Command/Command.php(335): Illuminate\\Console\\Command->execute()
#35 /home/runner/work/WatchTheFlix/WatchTheFlix/vendor/laravel/framework/src/Illuminate/Console/Command.php(180): Symfony\\Component\\Console\\Command\\Command->run()
#36 /home/runner/work/WatchTheFlix/WatchTheFlix/vendor/symfony/console/Application.php(1103): Illuminate\\Console\\Command->run()
#37 /home/runner/work/WatchTheFlix/WatchTheFlix/vendor/symfony/console/Application.php(356): Symfony\\Component\\Console\\Application->doRunCommand()
#38 /home/runner/work/WatchTheFlix/WatchTheFlix/vendor/symfony/console/Application.php(195): Symfony\\Component\\Console\\Application->doRun()
#39 /home/runner/work/WatchTheFlix/WatchTheFlix/vendor/laravel/framework/src/Illuminate/Foundation/Console/Kernel.php(197): Symfony\\Component\\Console\\Application->run()
#40 /home/runner/work/WatchTheFlix/WatchTheFlix/artisan(35): Illuminate\\Foundation\\Console\\Kernel->handle()
#41 {main}
"} 
[2025-12-06 05:27:58] production.ERROR: No application encryption key has been specified. {"exception":"[object] (Illuminate\\Encryption\\MissingAppKeyException(code: 0): No application encryption key has been specified. at /home/runner/work/WatchTheFlix/WatchTheFlix/vendor/laravel/framework/src/Illuminate/Encryption/EncryptionServiceProvider.php:83)
[stacktrace]
#0 /home/runner/work/WatchTheFlix/WatchTheFlix/vendor/laravel/framework/src/Illuminate/Support/helpers.php(485): Illuminate\\Encryption\\EncryptionServiceProvider->Illuminate\\Encryption\\{closure}()
#1 /home/runner/work/WatchTheFlix/WatchTheFlix/vendor/laravel/framework/src/Illuminate/Encryption/EncryptionServiceProvider.php(81): tap()
#2 /home/runner/work/WatchTheFlix/WatchTheFlix/vendor/laravel/framework/src/Illuminate/Encryption/EncryptionServiceProvider.php(64): Illuminate\\Encryption\\EncryptionServiceProvider->key()
#3 /home/runner/work/WatchTheFlix/WatchTheFlix/vendor/laravel/framework/src/Illuminate/Encryption/EncryptionServiceProvider.php(32): Illuminate\\Encryption\\EncryptionServiceProvider->parseKey()
#4 /home/runner/work/WatchTheFlix/WatchTheFlix/vendor/laravel/framework/src/Illuminate/Container/Container.php(1125): Illuminate\\Encryption\\EncryptionServiceProvider->Illuminate\\Encryption\\{closure}()
#5 /home/runner/work/WatchTheFlix/WatchTheFlix/vendor/laravel/framework/src/Illuminate/Container/Container.php(943): Illuminate\\Container\\Container->build()
#6 /home/runner/work/WatchTheFlix/WatchTheFlix/vendor/laravel/framework/src/Illuminate/Foundation/Application.php(1078): Illuminate\\Container\\Container->resolve()
#7 /home/runner/work/WatchTheFlix/WatchTheFlix/vendor/laravel/framework/src/Illuminate/Container/Container.php(874): Illuminate\\Foundation\\Application->resolve()
#8 /home/runner/work/WatchTheFlix/WatchTheFlix/vendor/laravel/framework/src/Illuminate/Foundation/Application.php(1058): Illuminate\\Container\\Container->make()
#9 /home/runner/work/WatchTheFlix/WatchTheFlix/vendor/laravel/framework/src/Illuminate/Container/Container.php(1350): Illuminate\\Foundation\\Application->make()
#10 /home/runner/work/WatchTheFlix/WatchTheFlix/vendor/laravel/framework/src/Illuminate/Container/Container.php(1249): Illuminate\\Container\\Container->resolveClass()
#11 /home/runner/work/WatchTheFlix/WatchTheFlix/vendor/laravel/framework/src/Illuminate/Container/Container.php(1172): Illuminate\\Container\\Container->resolveDependencies()
#12 /home/runner/work/WatchTheFlix/WatchTheFlix/vendor/laravel/framework/src/Illuminate/Container/Container.php(943): Illuminate\\Container\\Container->build()
#13 /home/runner/work/WatchTheFlix/WatchTheFlix/vendor/laravel/framework/src/Illuminate/Foundation/Application.php(1078): Illuminate\\Container\\Container->resolve()
#14 /home/runner/work/WatchTheFlix/WatchTheFlix/vendor/laravel/framework/src/Illuminate/Container/Container.php(874): Illuminate\\Foundation\\Application->resolve()
#15 /home/runner/work/WatchTheFlix/WatchTheFlix/vendor/laravel/framework/src/Illuminate/Foundation/Application.php(1058): Illuminate\\Container\\Container->make()
#16 /home/runner/work/WatchTheFlix/WatchTheFlix/vendor/laravel/framework/src/Illuminate/Pipeline/Pipeline.php(208): Illuminate\\Foundation\\Application->make()
#17 /home/runner/work/WatchTheFlix/WatchTheFlix/vendor/laravel/framework/src/Illuminate/Pipeline/Pipeline.php(137): Illuminate\\Pipeline\\Pipeline->Illuminate\\Pipeline\\{closure}()
#18 /home/runner/work/WatchTheFlix/WatchTheFlix/vendor/laravel/framework/src/Illuminate/Routing/Router.php(821): Illuminate\\Pipeline\\Pipeline->then()
#19 /home/runner/work/WatchTheFlix/WatchTheFlix/vendor/laravel/framework/src/Illuminate/Routing/Router.php(800): Illuminate\\Routing\\Router->runRouteWithinStack()
#20 /home/runner/work/WatchTheFlix/WatchTheFlix/vendor/laravel/framework/src/Illuminate/Routing/Router.php(764): Illuminate\\Routing\\Router->runRoute()
#21 /home/runner/work/WatchTheFlix/WatchTheFlix/vendor/laravel/framework/src/Illuminate/Routing/Router.php(753): Illuminate\\Routing\\Router->dispatchToRoute()
#22 /home/runner/work/WatchTheFlix/WatchTheFlix/vendor/laravel/framework/src/Illuminate/Foundation/Http/Kernel.php(200): Illuminate\\Routing\\Router->dispatch()
#23 /home/runner/work/WatchTheFlix/WatchTheFlix/vendor/laravel/framework/src/Illuminate/Pipeline/Pipeline.php(180): Illuminate\\Foundation\\Http\\Kernel->Illuminate\\Foundation\\Http\\{closure}()
#24 /home/runner/work/WatchTheFlix/WatchTheFlix/vendor/laravel/framework/src/Illuminate/Foundation/Http/Middleware/TransformsRequest.php(21): Illuminate\\Pipeline\\Pipeline->Illuminate\\Pipeline\\{closure}()
#25 /home/runner/work/WatchTheFlix/WatchTheFlix/vendor/laravel/framework/src/Illuminate/Foundation/Http/Middleware/ConvertEmptyStringsToNull.php(31): Illuminate\\Foundation\\Http\\Middleware\\TransformsRequest->handle()
#26 /home/runner/work/WatchTheFlix/WatchTheFlix/vendor/laravel/framework/src/Illuminate/Pipeline/Pipeline.php(219): Illuminate\\Foundation\\Http\\Middleware\\ConvertEmptyStringsToNull->handle()
#27 /home/runner/work/WatchTheFlix/WatchTheFlix/vendor/laravel/framework/src/Illuminate/Foundation/Http/Middleware/TransformsRequest.php(21): Illuminate\\Pipeline\\Pipeline->Illuminate\\Pipeline\\{closure}()
#28 /home/runner/work/WatchTheFlix/WatchTheFlix/vendor/laravel/framework/src/Illuminate/Foundation/Http/Middleware/TrimStrings.php(51): Illuminate\\Foundation\\Http\\Middleware\\TransformsRequest->handle()
#29 /home/runner/work/WatchTheFlix/WatchTheFlix/vendor/laravel/framework/src/Illuminate/Pipeline/Pipeline.php(219): Illuminate\\Foundation\\Http\\Middleware\\TrimStrings->handle()
#30 /home/runner/work/WatchTheFlix/WatchTheFlix/vendor/laravel/framework/src/Illuminate/Http/Middleware/ValidatePostSize.php(27): Illuminate\\Pipeline\\Pipeline->Illuminate\\Pipeline\\{closure}()
#31 /home/runner/work/WatchTheFlix/WatchTheFlix/vendor/laravel/framework/src/Illuminate/Pipeline/Pipeline.php(219): Illuminate\\Http\\Middleware\\ValidatePostSize->handle()
#32 /home/runner/work/WatchTheFlix/WatchTheFlix/vendor/laravel/framework/src/Illuminate/Foundation/Http/Middleware/PreventRequestsDuringMaintenance.php(109): Illuminate\\Pipeline\\Pipeline->Illuminate\\Pipeline\\{closure}()
#33 /home/runner/work/WatchTheFlix/WatchTheFlix/vendor/laravel/framework/src/Illuminate/Pipeline/Pipeline.php(219): Illuminate\\Foundation\\Http\\Middleware\\PreventRequestsDuringMaintenance->handle()
#34 /home/runner/work/WatchTheFlix/WatchTheFlix/vendor/laravel/framework/src/Illuminate/Http/Middleware/HandleCors.php(48): Illuminate\\Pipeline\\Pipeline->Illuminate\\Pipeline\\{closure}()
#35 /home/runner/work/WatchTheFlix/WatchTheFlix/vendor/laravel/framework/src/Illuminate/Pipeline/Pipeline.php(219): Illuminate\\Http\\Middleware\\HandleCors->handle()
#36 /home/runner/work/WatchTheFlix/WatchTheFlix/vendor/laravel/framework/src/Illuminate/Http/Middleware/TrustProxies.php(58): Illuminate\\Pipeline\\Pipeline->Illuminate\\Pipeline\\{closure}()
#37 /home/runner/work/WatchTheFlix/WatchTheFlix/vendor/laravel/framework/src/Illuminate/Pipeline/Pipeline.php(219): Illuminate\\Http\\Middleware\\TrustProxies->handle()
#38 /home/runner/work/WatchTheFlix/WatchTheFlix/vendor/laravel/framework/src/Illuminate/Foundation/Http/Middleware/InvokeDeferredCallbacks.php(22): Illuminate\\Pipeline\\Pipeline->Illuminate\\Pipeline\\{closure}()
#39 /home/runner/work/WatchTheFlix/WatchTheFlix/vendor/laravel/framework/src/Illuminate/Pipeline/Pipeline.php(219): Illuminate\\Foundation\\Http\\Middleware\\InvokeDeferredCallbacks->handle()
#40 /home/runner/work/WatchTheFlix/WatchTheFlix/vendor/laravel/framework/src/Illuminate/Http/Middleware/ValidatePathEncoding.php(26): Illuminate\\Pipeline\\Pipeline->Illuminate\\Pipeline\\{closure}()
#41 /home/runner/work/WatchTheFlix/WatchTheFlix/vendor/laravel/framework/src/Illuminate/Pipeline/Pipeline.php(219): Illuminate\\Http\\Middleware\\ValidatePathEncoding->handle()
#42 /home/runner/work/WatchTheFlix/WatchTheFlix/vendor/laravel/framework/src/Illuminate/Pipeline/Pipeline.php(137): Illuminate\\Pipeline\\Pipeline->Illuminate\\Pipeline\\{closure}()
#43 /home/runner/work/WatchTheFlix/WatchTheFlix/vendor/laravel/framework/src/Illuminate/Foundation/Http/Kernel.php(175): Illuminate\\Pipeline\\Pipeline->then()
#44 /home/runner/work/WatchTheFlix/WatchTheFlix/vendor/laravel/framework/src/Illuminate/Foundation/Http/Kernel.php(144): Illuminate\\Foundation\\Http\\Kernel->sendRequestThroughRouter()
#45 /home/runner/work/WatchTheFlix/WatchTheFlix/vendor/laravel/framework/src/Illuminate/Foundation/Application.php(1220): Illuminate\\Foundation\\Http\\Kernel->handle()
#46 /home/runner/work/WatchTheFlix/WatchTheFlix/public/index.php(17): Illuminate\\Foundation\\Application->handleRequest()
#47 /home/runner/work/WatchTheFlix/WatchTheFlix/vendor/laravel/framework/src/Illuminate/Foundation/resources/server.php(23): require_once('...')
#48 {main}
"} 
[2025-12-06 05:27:58] production.ERROR: No application encryption key has been specified. {"exception":"[object] (Illuminate\\Encryption\\MissingAppKeyException(code: 0): No application encryption key has been specified. at /home/runner/work/WatchTheFlix/WatchTheFlix/vendor/laravel/framework/src/Illuminate/Encryption/EncryptionServiceProvider.php:83)
[stacktrace]
#0 /home/runner/work/WatchTheFlix/WatchTheFlix/vendor/laravel/framework/src/Illuminate/Support/helpers.php(485): Illuminate\\Encryption\\EncryptionServiceProvider->Illuminate\\Encryption\\{closure}()
#1 /home/runner/work/WatchTheFlix/WatchTheFlix/vendor/laravel/framework/src/Illuminate/Encryption/EncryptionServiceProvider.php(81): tap()
#2 /home/runner/work/WatchTheFlix/WatchTheFlix/vendor/laravel/framework/src/Illuminate/Encryption/EncryptionServiceProvider.php(64): Illuminate\\Encryption\\EncryptionServiceProvider->key()
#3 /home/runner/work/WatchTheFlix/WatchTheFlix/vendor/laravel/framework/src/Illuminate/Encryption/EncryptionServiceProvider.php(32): Illuminate\\Encryption\\EncryptionServiceProvider->parseKey()
#4 /home/runner/work/WatchTheFlix/WatchTheFlix/vendor/laravel/framework/src/Illuminate/Container/Container.php(1125): Illuminate\\Encryption\\EncryptionServiceProvider->Illuminate\\Encryption\\{closure}()
#5 /home/runner/work/WatchTheFlix/WatchTheFlix/vendor/laravel/framework/src/Illuminate/Container/Container.php(943): Illuminate\\Container\\Container->build()
#6 /home/runner/work/WatchTheFlix/WatchTheFlix/vendor/laravel/framework/src/Illuminate/Foundation/Application.php(1078): Illuminate\\Container\\Container->resolve()
#7 /home/runner/work/WatchTheFlix/WatchTheFlix/vendor/laravel/framework/src/Illuminate/Container/Container.php(874): Illuminate\\Foundation\\Application->resolve()
#8 /home/runner/work/WatchTheFlix/WatchTheFlix/vendor/laravel/framework/src/Illuminate/Foundation/Application.php(1058): Illuminate\\Container\\Container->make()
#9 /home/runner/work/WatchTheFlix/WatchTheFlix/vendor/laravel/framework/src/Illuminate/Container/Container.php(1350): Illuminate\\Foundation\\Application->make()
#10 /home/runner/work/WatchTheFlix/WatchTheFlix/vendor/laravel/framework/src/Illuminate/Container/Container.php(1249): Illuminate\\Container\\Container->resolveClass()
#11 /home/runner/work/WatchTheFlix/WatchTheFlix/vendor/laravel/framework/src/Illuminate/Container/Container.php(1172): Illuminate\\Container\\Container->resolveDependencies()
#12 /home/runner/work/WatchTheFlix/WatchTheFlix/vendor/laravel/framework/src/Illuminate/Container/Container.php(943): Illuminate\\Container\\Container->build()
#13 /home/runner/work/WatchTheFlix/WatchTheFlix/vendor/laravel/framework/src/Illuminate/Foundation/Application.php(1078): Illuminate\\Container\\Container->resolve()
#14 /home/runner/work/WatchTheFlix/WatchTheFlix/vendor/laravel/framework/src/Illuminate/Container/Container.php(874): Illuminate\\Foundation\\Application->resolve()
#15 /home/runner/work/WatchTheFlix/WatchTheFlix/vendor/laravel/framework/src/Illuminate/Foundation/Application.php(1058): Illuminate\\Container\\Container->make()
#16 /home/runner/work/WatchTheFlix/WatchTheFlix/vendor/laravel/framework/src/Illuminate/Foundation/Http/Kernel.php(257): Illuminate\\Foundation\\Application->make()
#17 /home/runner/work/WatchTheFlix/WatchTheFlix/vendor/laravel/framework/src/Illuminate/Foundation/Http/Kernel.php(215): Illuminate\\Foundation\\Http\\Kernel->terminateMiddleware()
#18 /home/runner/work/WatchTheFlix/WatchTheFlix/vendor/laravel/framework/src/Illuminate/Foundation/Application.php(1222): Illuminate\\Foundation\\Http\\Kernel->terminate()
#19 /home/runner/work/WatchTheFlix/WatchTheFlix/public/index.php(17): Illuminate\\Foundation\\Application->handleRequest()
#20 /home/runner/work/WatchTheFlix/WatchTheFlix/vendor/laravel/framework/src/Illuminate/Foundation/resources/server.php(23): require_once('...')
#21 {main}
"} 
